2023-08-24 00:11:05.984  INFO 24161 --- [main] com.btk.ProductServiceApplication        : Starting ProductServiceApplication using Java 17.0.6 on Emre-Air.home with PID 24161 (/Users/emrekazanci/Desktop/Innova Eğitim/E-Commerce/product-service/build/classes/java/main started by emrekazanci in /Users/emrekazanci/Desktop/Innova Eğitim/E-Commerce)
2023-08-24 00:11:05.985  INFO 24161 --- [main] com.btk.ProductServiceApplication        : No active profile set, falling back to 1 default profile: "default"
2023-08-24 00:11:06.325  INFO 24161 --- [main] .s.d.r.c.RepositoryConfigurationDelegate : Bootstrapping Spring Data MongoDB repositories in DEFAULT mode.
2023-08-24 00:11:06.348  INFO 24161 --- [main] .s.d.r.c.RepositoryConfigurationDelegate : Finished Spring Data repository scanning in 20 ms. Found 3 MongoDB repository interfaces.
2023-08-24 00:11:06.415  INFO 24161 --- [main] o.s.cloud.context.scope.GenericScope     : BeanFactory id=17cac2cf-3b9e-3641-b766-c4e7735b868a
2023-08-24 00:11:06.681  INFO 24161 --- [main] o.s.b.w.embedded.tomcat.TomcatWebServer  : Tomcat initialized with port(s): 9092 (http)
2023-08-24 00:11:06.685  INFO 24161 --- [main] o.apache.catalina.core.StandardService   : Starting service [Tomcat]
2023-08-24 00:11:06.685  INFO 24161 --- [main] org.apache.catalina.core.StandardEngine  : Starting Servlet engine: [Apache Tomcat/9.0.71]
2023-08-24 00:11:06.748  INFO 24161 --- [main] o.a.c.c.C.[Tomcat].[localhost].[/]       : Initializing Spring embedded WebApplicationContext
2023-08-24 00:11:06.748  INFO 24161 --- [main] w.s.c.ServletWebServerApplicationContext : Root WebApplicationContext: initialization completed in 742 ms
2023-08-24 00:11:06.886  INFO 24161 --- [main] org.mongodb.driver.client                : MongoClient with metadata {"driver": {"name": "mongo-java-driver|sync|spring-boot", "version": "4.6.1"}, "os": {"type": "Darwin", "name": "Mac OS X", "architecture": "aarch64", "version": "13.4.1"}, "platform": "Java/Amazon.com Inc./17.0.6+10-LTS"} created with settings MongoClientSettings{readPreference=primary, writeConcern=WriteConcern{w=null, wTimeout=null ms, journal=null}, retryWrites=true, retryReads=true, readConcern=ReadConcern{level=null}, credential=MongoCredential{mechanism=null, userName='Java', source='e-commerce', password=<hidden>, mechanismProperties=<hidden>}, streamFactoryFactory=null, commandListeners=[], codecRegistry=ProvidersCodecRegistry{codecProviders=[ValueCodecProvider{}, BsonValueCodecProvider{}, DBRefCodecProvider{}, DBObjectCodecProvider{}, DocumentCodecProvider{}, IterableCodecProvider{}, MapCodecProvider{}, GeoJsonCodecProvider{}, GridFSFileCodecProvider{}, Jsr310CodecProvider{}, JsonObjectCodecProvider{}, BsonCodecProvider{}, EnumCodecProvider{}, com.mongodb.Jep395RecordCodecProvider@12219f6a]}, clusterSettings={hosts=[localhost:27017], srvServiceName=mongodb, mode=SINGLE, requiredClusterType=UNKNOWN, requiredReplicaSetName='null', serverSelector='null', clusterListeners='[]', serverSelectionTimeout='30000 ms', localThreshold='30000 ms'}, socketSettings=SocketSettings{connectTimeoutMS=10000, readTimeoutMS=0, receiveBufferSize=0, sendBufferSize=0}, heartbeatSocketSettings=SocketSettings{connectTimeoutMS=10000, readTimeoutMS=10000, receiveBufferSize=0, sendBufferSize=0}, connectionPoolSettings=ConnectionPoolSettings{maxSize=100, minSize=0, maxWaitTimeMS=120000, maxConnectionLifeTimeMS=0, maxConnectionIdleTimeMS=0, maintenanceInitialDelayMS=0, maintenanceFrequencyMS=60000, connectionPoolListeners=[], maxConnecting=2}, serverSettings=ServerSettings{heartbeatFrequencyMS=10000, minHeartbeatFrequencyMS=500, serverListeners='[]', serverMonitorListeners='[]'}, sslSettings=SslSettings{enabled=false, invalidHostNameAllowed=false, context=null}, applicationName='null', compressorList=[], uuidRepresentation=JAVA_LEGACY, serverApi=null, autoEncryptionSettings=null, contextProvider=null}
2023-08-24 00:11:06.900  INFO 24161 --- [cluster-ClusterId{value='64e675eab348fc17654749d5', description='null'}-localhost:27017] org.mongodb.driver.connection            : Opened connection [connectionId{localValue:2, serverValue:4}] to localhost:27017
2023-08-24 00:11:06.900  INFO 24161 --- [cluster-rtt-ClusterId{value='64e675eab348fc17654749d5', description='null'}-localhost:27017] org.mongodb.driver.connection            : Opened connection [connectionId{localValue:1, serverValue:5}] to localhost:27017
2023-08-24 00:11:06.900  INFO 24161 --- [cluster-ClusterId{value='64e675eab348fc17654749d5', description='null'}-localhost:27017] org.mongodb.driver.cluster               : Monitor thread successfully connected to server with description ServerDescription{address=localhost:27017, type=STANDALONE, state=CONNECTED, ok=true, minWireVersion=0, maxWireVersion=17, maxDocumentSize=16777216, logicalSessionTimeoutMinutes=30, roundTripTimeNanos=11071375}
2023-08-24 00:11:08.105  INFO 24161 --- [main] o.s.b.w.embedded.tomcat.TomcatWebServer  : Tomcat started on port(s): 9092 (http) with context path ''
2023-08-24 00:11:08.112  INFO 24161 --- [main] com.btk.ProductServiceApplication        : Started ProductServiceApplication in 2.37 seconds (JVM running for 2.536)
2023-08-24 00:12:08.670  INFO 24161 --- [http-nio-9092-exec-2] o.a.c.c.C.[Tomcat].[localhost].[/]       : Initializing Spring DispatcherServlet 'dispatcherServlet'
2023-08-24 00:12:08.670  INFO 24161 --- [http-nio-9092-exec-2] o.s.web.servlet.DispatcherServlet        : Initializing Servlet 'dispatcherServlet'
2023-08-24 00:12:08.674  INFO 24161 --- [http-nio-9092-exec-2] o.s.web.servlet.DispatcherServlet        : Completed initialization in 4 ms
2023-08-24 00:12:08.993  INFO 24161 --- [http-nio-9092-exec-8] o.springdoc.api.AbstractOpenApiResource  : Init duration for springdoc-openapi is: 168 ms
2023-08-24 00:12:20.757  INFO 24161 --- [http-nio-9092-exec-3] org.mongodb.driver.connection            : Opened connection [connectionId{localValue:3, serverValue:8}] to localhost:27017
