2023-08-24 00:10:25.616  INFO 24073 --- [main] com.btk.UserServiceApplication           : Starting UserServiceApplication using Java 17.0.6 on Emre-Air.home with PID 24073 (/Users/emrekazanci/Desktop/Innova Eğitim/E-Commerce/user-service/build/classes/java/main started by emrekazanci in /Users/emrekazanci/Desktop/Innova Eğitim/E-Commerce)
2023-08-24 00:10:25.617  INFO 24073 --- [main] com.btk.UserServiceApplication           : No active profile set, falling back to 1 default profile: "default"
2023-08-24 00:10:25.952  INFO 24073 --- [main] .s.d.r.c.RepositoryConfigurationDelegate : Bootstrapping Spring Data MongoDB repositories in DEFAULT mode.
2023-08-24 00:10:25.971  INFO 24073 --- [main] .s.d.r.c.RepositoryConfigurationDelegate : Finished Spring Data repository scanning in 17 ms. Found 1 MongoDB repository interfaces.
2023-08-24 00:10:26.029  INFO 24073 --- [main] o.s.cloud.context.scope.GenericScope     : BeanFactory id=1eb4bb79-f5a2-3114-90f8-c3e4874033b3
2023-08-24 00:10:26.291  INFO 24073 --- [main] o.s.b.w.embedded.tomcat.TomcatWebServer  : Tomcat initialized with port(s): 9091 (http)
2023-08-24 00:10:26.295  INFO 24073 --- [main] o.apache.catalina.core.StandardService   : Starting service [Tomcat]
2023-08-24 00:10:26.295  INFO 24073 --- [main] org.apache.catalina.core.StandardEngine  : Starting Servlet engine: [Apache Tomcat/9.0.71]
2023-08-24 00:10:26.364  INFO 24073 --- [main] o.a.c.c.C.[Tomcat].[localhost].[/]       : Initializing Spring embedded WebApplicationContext
2023-08-24 00:10:26.364  INFO 24073 --- [main] w.s.c.ServletWebServerApplicationContext : Root WebApplicationContext: initialization completed in 720 ms
2023-08-24 00:10:26.487  INFO 24073 --- [main] org.mongodb.driver.client                : MongoClient with metadata {"driver": {"name": "mongo-java-driver|sync|spring-boot", "version": "4.6.1"}, "os": {"type": "Darwin", "name": "Mac OS X", "architecture": "aarch64", "version": "13.4.1"}, "platform": "Java/Amazon.com Inc./17.0.6+10-LTS"} created with settings MongoClientSettings{readPreference=primary, writeConcern=WriteConcern{w=null, wTimeout=null ms, journal=null}, retryWrites=true, retryReads=true, readConcern=ReadConcern{level=null}, credential=MongoCredential{mechanism=null, userName='Java', source='e-commerce', password=<hidden>, mechanismProperties=<hidden>}, streamFactoryFactory=null, commandListeners=[], codecRegistry=ProvidersCodecRegistry{codecProviders=[ValueCodecProvider{}, BsonValueCodecProvider{}, DBRefCodecProvider{}, DBObjectCodecProvider{}, DocumentCodecProvider{}, IterableCodecProvider{}, MapCodecProvider{}, GeoJsonCodecProvider{}, GridFSFileCodecProvider{}, Jsr310CodecProvider{}, JsonObjectCodecProvider{}, BsonCodecProvider{}, EnumCodecProvider{}, com.mongodb.Jep395RecordCodecProvider@3249e278]}, clusterSettings={hosts=[localhost:27017], srvServiceName=mongodb, mode=SINGLE, requiredClusterType=UNKNOWN, requiredReplicaSetName='null', serverSelector='null', clusterListeners='[]', serverSelectionTimeout='30000 ms', localThreshold='30000 ms'}, socketSettings=SocketSettings{connectTimeoutMS=10000, readTimeoutMS=0, receiveBufferSize=0, sendBufferSize=0}, heartbeatSocketSettings=SocketSettings{connectTimeoutMS=10000, readTimeoutMS=10000, receiveBufferSize=0, sendBufferSize=0}, connectionPoolSettings=ConnectionPoolSettings{maxSize=100, minSize=0, maxWaitTimeMS=120000, maxConnectionLifeTimeMS=0, maxConnectionIdleTimeMS=0, maintenanceInitialDelayMS=0, maintenanceFrequencyMS=60000, connectionPoolListeners=[], maxConnecting=2}, serverSettings=ServerSettings{heartbeatFrequencyMS=10000, minHeartbeatFrequencyMS=500, serverListeners='[]', serverMonitorListeners='[]'}, sslSettings=SslSettings{enabled=false, invalidHostNameAllowed=false, context=null}, applicationName='null', compressorList=[], uuidRepresentation=JAVA_LEGACY, serverApi=null, autoEncryptionSettings=null, contextProvider=null}
2023-08-24 00:10:26.508  INFO 24073 --- [cluster-ClusterId{value='64e675c293ce840f43f0c7f4', description='null'}-localhost:27017] org.mongodb.driver.connection            : Opened connection [connectionId{localValue:1, serverValue:2}] to localhost:27017
2023-08-24 00:10:26.508  INFO 24073 --- [cluster-rtt-ClusterId{value='64e675c293ce840f43f0c7f4', description='null'}-localhost:27017] org.mongodb.driver.connection            : Opened connection [connectionId{localValue:2, serverValue:1}] to localhost:27017
2023-08-24 00:10:26.509  INFO 24073 --- [cluster-ClusterId{value='64e675c293ce840f43f0c7f4', description='null'}-localhost:27017] org.mongodb.driver.cluster               : Monitor thread successfully connected to server with description ServerDescription{address=localhost:27017, type=STANDALONE, state=CONNECTED, ok=true, minWireVersion=0, maxWireVersion=17, maxDocumentSize=16777216, logicalSessionTimeoutMinutes=30, roundTripTimeNanos=19745209}
2023-08-24 00:10:26.688  INFO 24073 --- [main] org.mongodb.driver.connection            : Opened connection [connectionId{localValue:3, serverValue:3}] to localhost:27017
2023-08-24 00:10:27.746  INFO 24073 --- [main] o.s.b.w.embedded.tomcat.TomcatWebServer  : Tomcat started on port(s): 9091 (http) with context path ''
2023-08-24 00:10:27.752  INFO 24073 --- [main] com.btk.UserServiceApplication           : Started UserServiceApplication in 2.375 seconds (JVM running for 2.527)
2023-08-24 00:12:04.518  INFO 24073 --- [http-nio-9091-exec-4] o.a.c.c.C.[Tomcat].[localhost].[/]       : Initializing Spring DispatcherServlet 'dispatcherServlet'
2023-08-24 00:12:04.519  INFO 24073 --- [http-nio-9091-exec-4] o.s.web.servlet.DispatcherServlet        : Initializing Servlet 'dispatcherServlet'
2023-08-24 00:12:04.537  INFO 24073 --- [http-nio-9091-exec-4] o.s.web.servlet.DispatcherServlet        : Completed initialization in 18 ms
2023-08-24 00:12:04.833  INFO 24073 --- [http-nio-9091-exec-7] o.springdoc.api.AbstractOpenApiResource  : Init duration for springdoc-openapi is: 117 ms
